<?xml version="1.0" encoding="UTF-8"?>
<testng-results ignored="0" total="1" passed="1" failed="0" skipped="0">
  <reporter-output>
  </reporter-output>
  <suite started-at="2020-04-13T08:51:51 IST" name="Suite" finished-at="2020-04-13T08:52:52 IST" duration-ms="61355">
    <groups>
      <group name="cucumber">
        <method signature="AbstractTestNGCucumberTests.feature(cucumber.api.testng.CucumberFeatureWrapper)[pri:0, instance:com.cts.runnertest.integration@9353778]" name="feature" class="cucumber.api.testng.AbstractTestNGCucumberTests"/>
      </group> <!-- cucumber -->
    </groups>
    <test started-at="2020-04-13T08:51:51 IST" name="Test" finished-at="2020-04-13T08:52:52 IST" duration-ms="61355">
      <class name="com.cts.runnertest.integration">
        <test-method is-config="true" signature="setUpClass()[pri:0, instance:com.cts.runnertest.integration@9353778]" started-at="2020-04-13T08:51:51 IST" name="setUpClass" finished-at="2020-04-13T08:51:51 IST" duration-ms="297" status="PASS">
          <reporter-output>
          </reporter-output>
        </test-method> <!-- setUpClass -->
        <test-method signature="feature(cucumber.api.testng.CucumberFeatureWrapper)[pri:0, instance:com.cts.runnertest.integration@9353778]" started-at="2020-04-13T08:51:51 IST" name="feature" description="Runs Cucumber Feature" data-provider="features" finished-at="2020-04-13T08:52:52 IST" duration-ms="60927" status="PASS">
          <params>
            <param index="0">
              <value>
                <![CDATA[Integrating]]>
              </value>
            </param>
          </params>
          <reporter-output>
          </reporter-output>
        </test-method> <!-- feature -->
        <test-method is-config="true" signature="tearDownClass()[pri:0, instance:com.cts.runnertest.integration@9353778]" started-at="2020-04-13T08:52:52 IST" name="tearDownClass" finished-at="2020-04-13T08:52:52 IST" duration-ms="22" status="PASS">
          <reporter-output>
          </reporter-output>
        </test-method> <!-- tearDownClass -->
      </class> <!-- com.cts.runnertest.integration -->
    </test> <!-- Test -->
  </suite> <!-- Suite -->
</testng-results>
